2025-11-12 11:10:56 [info] POST /api/backbone-members/create 401 7ms ip=::ffff:127.0.0.1 user=guest role=guest
2025-11-12 11:12:19 [info] POST /api/public/auth/login 200 71ms ip=::ffff:127.0.0.1 user=guest role=guest
2025-11-12 11:12:26 [info] POST /api/backbone-members/create 403 3ms ip=::ffff:127.0.0.1 user=2023123456 role=user
2025-11-12 11:12:44 [info] POST /api/public/auth/login 200 59ms ip=::ffff:127.0.0.1 user=guest role=guest
2025-11-12 11:12:55 [info] POST /api/backbone-members/create 200 9ms ip=::ffff:127.0.0.1 user=2022413492 role=admin
2025-11-12 11:15:12 [info] 🧮 API性能统计:
POST /api/backbone-members/create => count=3, avg=6.33ms
POST /api/public/auth/login => count=2, avg=65.00ms
2025-11-12 11:20:12 [info] 🧮 API性能统计:
POST /api/backbone-members/create => count=3, avg=6.33ms
POST /api/public/auth/login => count=2, avg=65.00ms
2025-11-12 11:20:13 [info] PUT /api/backbone-members/update/1 401 3ms ip=::ffff:127.0.0.1 user=guest role=guest
2025-11-12 11:20:33 [info] PUT /api/backbone-members/update/1 200 13ms ip=::ffff:127.0.0.1 user=2022413492 role=admin
2025-11-12 11:22:13 [info] DELETE /api/backebone-members/delete/1 401 2ms ip=::ffff:127.0.0.1 user=guest role=guest
2025-11-12 11:22:38 [info] DELETE /api/backebone-members/delete/2 404 2ms ip=::ffff:127.0.0.1 user=2022413492 role=admin
2025-11-12 11:23:22 [info] DELETE /api/backbone-members/delete/2 404 17ms ip=::ffff:127.0.0.1 user=2022413492 role=admin
2025-11-12 11:23:29 [info] DELETE /api/backbone-members/delete/1 200 11ms ip=::ffff:127.0.0.1 user=2022413492 role=admin
2025-11-12 11:24:44 [info] GET /api/public/backbone-members/list 200 16ms ip=::ffff:127.0.0.1 user=guest role=guest
2025-11-12 11:24:56 [info] POST /api/backbone-members/create 401 2ms ip=::ffff:127.0.0.1 user=guest role=guest
2025-11-12 11:25:11 [info] POST /api/backbone-members/create 200 11ms ip=::ffff:127.0.0.1 user=2022413492 role=admin
2025-11-12 11:25:12 [info] 🧮 API性能统计:
POST /api/backbone-members/create => count=5, avg=6.40ms
POST /api/public/auth/login => count=2, avg=65.00ms
PUT /api/backbone-members/update/1 => count=2, avg=8.00ms
DELETE /api/backebone-members/delete/1 => count=1, avg=2.00ms
DELETE /api/backebone-members/delete/2 => count=1, avg=2.00ms
DELETE /api/backbone-members/delete/2 => count=1, avg=17.00ms
DELETE /api/backbone-members/delete/1 => count=1, avg=11.00ms
GET /api/public/backbone-members/list => count=1, avg=16.00ms
2025-11-12 11:25:14 [info] GET /api/public/backbone-members/list 200 17ms ip=::ffff:127.0.0.1 user=guest role=guest
2025-11-12 11:27:19 [info] GET /api/public/backbone-members/tree 200 7ms ip=::ffff:127.0.0.1 user=guest role=guest
2025-11-12 11:30:12 [info] 🧮 API性能统计:
POST /api/backbone-members/create => count=5, avg=6.40ms
POST /api/public/auth/login => count=2, avg=65.00ms
PUT /api/backbone-members/update/1 => count=2, avg=8.00ms
DELETE /api/backebone-members/delete/1 => count=1, avg=2.00ms
DELETE /api/backebone-members/delete/2 => count=1, avg=2.00ms
DELETE /api/backbone-members/delete/2 => count=1, avg=17.00ms
DELETE /api/backbone-members/delete/1 => count=1, avg=11.00ms
GET /api/public/backbone-members/list => count=2, avg=16.50ms
GET /api/public/backbone-members/tree => count=1, avg=7.00ms
2025-11-12 11:35:12 [info] 🧮 API性能统计:
POST /api/backbone-members/create => count=5, avg=6.40ms
POST /api/public/auth/login => count=2, avg=65.00ms
PUT /api/backbone-members/update/1 => count=2, avg=8.00ms
DELETE /api/backebone-members/delete/1 => count=1, avg=2.00ms
DELETE /api/backebone-members/delete/2 => count=1, avg=2.00ms
DELETE /api/backbone-members/delete/2 => count=1, avg=17.00ms
DELETE /api/backbone-members/delete/1 => count=1, avg=11.00ms
GET /api/public/backbone-members/list => count=2, avg=16.50ms
GET /api/public/backbone-members/tree => count=1, avg=7.00ms
2025-11-12 11:40:12 [info] 🧮 API性能统计:
POST /api/backbone-members/create => count=5, avg=6.40ms
POST /api/public/auth/login => count=2, avg=65.00ms
PUT /api/backbone-members/update/1 => count=2, avg=8.00ms
DELETE /api/backebone-members/delete/1 => count=1, avg=2.00ms
DELETE /api/backebone-members/delete/2 => count=1, avg=2.00ms
DELETE /api/backbone-members/delete/2 => count=1, avg=17.00ms
DELETE /api/backbone-members/delete/1 => count=1, avg=11.00ms
GET /api/public/backbone-members/list => count=2, avg=16.50ms
GET /api/public/backbone-members/tree => count=1, avg=7.00ms
2025-11-12 11:45:12 [info] 🧮 API性能统计:
POST /api/backbone-members/create => count=5, avg=6.40ms
POST /api/public/auth/login => count=2, avg=65.00ms
PUT /api/backbone-members/update/1 => count=2, avg=8.00ms
DELETE /api/backebone-members/delete/1 => count=1, avg=2.00ms
DELETE /api/backebone-members/delete/2 => count=1, avg=2.00ms
DELETE /api/backbone-members/delete/2 => count=1, avg=17.00ms
DELETE /api/backbone-members/delete/1 => count=1, avg=11.00ms
GET /api/public/backbone-members/list => count=2, avg=16.50ms
GET /api/public/backbone-members/tree => count=1, avg=7.00ms
2025-11-12 11:50:12 [info] 🧮 API性能统计:
POST /api/backbone-members/create => count=5, avg=6.40ms
POST /api/public/auth/login => count=2, avg=65.00ms
PUT /api/backbone-members/update/1 => count=2, avg=8.00ms
DELETE /api/backebone-members/delete/1 => count=1, avg=2.00ms
DELETE /api/backebone-members/delete/2 => count=1, avg=2.00ms
DELETE /api/backbone-members/delete/2 => count=1, avg=17.00ms
DELETE /api/backbone-members/delete/1 => count=1, avg=11.00ms
GET /api/public/backbone-members/list => count=2, avg=16.50ms
GET /api/public/backbone-members/tree => count=1, avg=7.00ms
2025-11-12 11:55:12 [info] 🧮 API性能统计:
POST /api/backbone-members/create => count=5, avg=6.40ms
POST /api/public/auth/login => count=2, avg=65.00ms
PUT /api/backbone-members/update/1 => count=2, avg=8.00ms
DELETE /api/backebone-members/delete/1 => count=1, avg=2.00ms
DELETE /api/backebone-members/delete/2 => count=1, avg=2.00ms
DELETE /api/backbone-members/delete/2 => count=1, avg=17.00ms
DELETE /api/backbone-members/delete/1 => count=1, avg=11.00ms
GET /api/public/backbone-members/list => count=2, avg=16.50ms
GET /api/public/backbone-members/tree => count=1, avg=7.00ms
2025-11-12 12:00:12 [info] 🧮 API性能统计:
POST /api/backbone-members/create => count=5, avg=6.40ms
POST /api/public/auth/login => count=2, avg=65.00ms
PUT /api/backbone-members/update/1 => count=2, avg=8.00ms
DELETE /api/backebone-members/delete/1 => count=1, avg=2.00ms
DELETE /api/backebone-members/delete/2 => count=1, avg=2.00ms
DELETE /api/backbone-members/delete/2 => count=1, avg=17.00ms
DELETE /api/backbone-members/delete/1 => count=1, avg=11.00ms
GET /api/public/backbone-members/list => count=2, avg=16.50ms
GET /api/public/backbone-members/tree => count=1, avg=7.00ms
2025-11-12 12:05:12 [info] 🧮 API性能统计:
POST /api/backbone-members/create => count=5, avg=6.40ms
POST /api/public/auth/login => count=2, avg=65.00ms
PUT /api/backbone-members/update/1 => count=2, avg=8.00ms
DELETE /api/backebone-members/delete/1 => count=1, avg=2.00ms
DELETE /api/backebone-members/delete/2 => count=1, avg=2.00ms
DELETE /api/backbone-members/delete/2 => count=1, avg=17.00ms
DELETE /api/backbone-members/delete/1 => count=1, avg=11.00ms
GET /api/public/backbone-members/list => count=2, avg=16.50ms
GET /api/public/backbone-members/tree => count=1, avg=7.00ms
2025-11-12 12:10:12 [info] 🧮 API性能统计:
POST /api/backbone-members/create => count=5, avg=6.40ms
POST /api/public/auth/login => count=2, avg=65.00ms
PUT /api/backbone-members/update/1 => count=2, avg=8.00ms
DELETE /api/backebone-members/delete/1 => count=1, avg=2.00ms
DELETE /api/backebone-members/delete/2 => count=1, avg=2.00ms
DELETE /api/backbone-members/delete/2 => count=1, avg=17.00ms
DELETE /api/backbone-members/delete/1 => count=1, avg=11.00ms
GET /api/public/backbone-members/list => count=2, avg=16.50ms
GET /api/public/backbone-members/tree => count=1, avg=7.00ms
2025-11-12 12:15:12 [info] 🧮 API性能统计:
POST /api/backbone-members/create => count=5, avg=6.40ms
POST /api/public/auth/login => count=2, avg=65.00ms
PUT /api/backbone-members/update/1 => count=2, avg=8.00ms
DELETE /api/backebone-members/delete/1 => count=1, avg=2.00ms
DELETE /api/backebone-members/delete/2 => count=1, avg=2.00ms
DELETE /api/backbone-members/delete/2 => count=1, avg=17.00ms
DELETE /api/backbone-members/delete/1 => count=1, avg=11.00ms
GET /api/public/backbone-members/list => count=2, avg=16.50ms
GET /api/public/backbone-members/tree => count=1, avg=7.00ms
2025-11-12 12:20:12 [info] 🧮 API性能统计:
POST /api/backbone-members/create => count=5, avg=6.40ms
POST /api/public/auth/login => count=2, avg=65.00ms
PUT /api/backbone-members/update/1 => count=2, avg=8.00ms
DELETE /api/backebone-members/delete/1 => count=1, avg=2.00ms
DELETE /api/backebone-members/delete/2 => count=1, avg=2.00ms
DELETE /api/backbone-members/delete/2 => count=1, avg=17.00ms
DELETE /api/backbone-members/delete/1 => count=1, avg=11.00ms
GET /api/public/backbone-members/list => count=2, avg=16.50ms
GET /api/public/backbone-members/tree => count=1, avg=7.00ms
2025-11-12 12:25:12 [info] 🧮 API性能统计:
POST /api/backbone-members/create => count=5, avg=6.40ms
POST /api/public/auth/login => count=2, avg=65.00ms
PUT /api/backbone-members/update/1 => count=2, avg=8.00ms
DELETE /api/backebone-members/delete/1 => count=1, avg=2.00ms
DELETE /api/backebone-members/delete/2 => count=1, avg=2.00ms
DELETE /api/backbone-members/delete/2 => count=1, avg=17.00ms
DELETE /api/backbone-members/delete/1 => count=1, avg=11.00ms
GET /api/public/backbone-members/list => count=2, avg=16.50ms
GET /api/public/backbone-members/tree => count=1, avg=7.00ms
2025-11-12 12:30:12 [info] 🧮 API性能统计:
POST /api/backbone-members/create => count=5, avg=6.40ms
POST /api/public/auth/login => count=2, avg=65.00ms
PUT /api/backbone-members/update/1 => count=2, avg=8.00ms
DELETE /api/backebone-members/delete/1 => count=1, avg=2.00ms
DELETE /api/backebone-members/delete/2 => count=1, avg=2.00ms
DELETE /api/backbone-members/delete/2 => count=1, avg=17.00ms
DELETE /api/backbone-members/delete/1 => count=1, avg=11.00ms
GET /api/public/backbone-members/list => count=2, avg=16.50ms
GET /api/public/backbone-members/tree => count=1, avg=7.00ms
2025-11-12 12:35:12 [info] 🧮 API性能统计:
POST /api/backbone-members/create => count=5, avg=6.40ms
POST /api/public/auth/login => count=2, avg=65.00ms
PUT /api/backbone-members/update/1 => count=2, avg=8.00ms
DELETE /api/backebone-members/delete/1 => count=1, avg=2.00ms
DELETE /api/backebone-members/delete/2 => count=1, avg=2.00ms
DELETE /api/backbone-members/delete/2 => count=1, avg=17.00ms
DELETE /api/backbone-members/delete/1 => count=1, avg=11.00ms
GET /api/public/backbone-members/list => count=2, avg=16.50ms
GET /api/public/backbone-members/tree => count=1, avg=7.00ms
2025-11-12 12:40:12 [info] 🧮 API性能统计:
POST /api/backbone-members/create => count=5, avg=6.40ms
POST /api/public/auth/login => count=2, avg=65.00ms
PUT /api/backbone-members/update/1 => count=2, avg=8.00ms
DELETE /api/backebone-members/delete/1 => count=1, avg=2.00ms
DELETE /api/backebone-members/delete/2 => count=1, avg=2.00ms
DELETE /api/backbone-members/delete/2 => count=1, avg=17.00ms
DELETE /api/backbone-members/delete/1 => count=1, avg=11.00ms
GET /api/public/backbone-members/list => count=2, avg=16.50ms
GET /api/public/backbone-members/tree => count=1, avg=7.00ms
2025-11-12 12:45:12 [info] 🧮 API性能统计:
POST /api/backbone-members/create => count=5, avg=6.40ms
POST /api/public/auth/login => count=2, avg=65.00ms
PUT /api/backbone-members/update/1 => count=2, avg=8.00ms
DELETE /api/backebone-members/delete/1 => count=1, avg=2.00ms
DELETE /api/backebone-members/delete/2 => count=1, avg=2.00ms
DELETE /api/backbone-members/delete/2 => count=1, avg=17.00ms
DELETE /api/backbone-members/delete/1 => count=1, avg=11.00ms
GET /api/public/backbone-members/list => count=2, avg=16.50ms
GET /api/public/backbone-members/tree => count=1, avg=7.00ms
2025-11-12 12:50:12 [info] 🧮 API性能统计:
POST /api/backbone-members/create => count=5, avg=6.40ms
POST /api/public/auth/login => count=2, avg=65.00ms
PUT /api/backbone-members/update/1 => count=2, avg=8.00ms
DELETE /api/backebone-members/delete/1 => count=1, avg=2.00ms
DELETE /api/backebone-members/delete/2 => count=1, avg=2.00ms
DELETE /api/backbone-members/delete/2 => count=1, avg=17.00ms
DELETE /api/backbone-members/delete/1 => count=1, avg=11.00ms
GET /api/public/backbone-members/list => count=2, avg=16.50ms
GET /api/public/backbone-members/tree => count=1, avg=7.00ms
2025-11-12 12:55:12 [info] 🧮 API性能统计:
POST /api/backbone-members/create => count=5, avg=6.40ms
POST /api/public/auth/login => count=2, avg=65.00ms
PUT /api/backbone-members/update/1 => count=2, avg=8.00ms
DELETE /api/backebone-members/delete/1 => count=1, avg=2.00ms
DELETE /api/backebone-members/delete/2 => count=1, avg=2.00ms
DELETE /api/backbone-members/delete/2 => count=1, avg=17.00ms
DELETE /api/backbone-members/delete/1 => count=1, avg=11.00ms
GET /api/public/backbone-members/list => count=2, avg=16.50ms
GET /api/public/backbone-members/tree => count=1, avg=7.00ms
2025-11-12 13:00:12 [info] 🧮 API性能统计:
POST /api/backbone-members/create => count=5, avg=6.40ms
POST /api/public/auth/login => count=2, avg=65.00ms
PUT /api/backbone-members/update/1 => count=2, avg=8.00ms
DELETE /api/backebone-members/delete/1 => count=1, avg=2.00ms
DELETE /api/backebone-members/delete/2 => count=1, avg=2.00ms
DELETE /api/backbone-members/delete/2 => count=1, avg=17.00ms
DELETE /api/backbone-members/delete/1 => count=1, avg=11.00ms
GET /api/public/backbone-members/list => count=2, avg=16.50ms
GET /api/public/backbone-members/tree => count=1, avg=7.00ms
2025-11-12 13:05:12 [info] 🧮 API性能统计:
POST /api/backbone-members/create => count=5, avg=6.40ms
POST /api/public/auth/login => count=2, avg=65.00ms
PUT /api/backbone-members/update/1 => count=2, avg=8.00ms
DELETE /api/backebone-members/delete/1 => count=1, avg=2.00ms
DELETE /api/backebone-members/delete/2 => count=1, avg=2.00ms
DELETE /api/backbone-members/delete/2 => count=1, avg=17.00ms
DELETE /api/backbone-members/delete/1 => count=1, avg=11.00ms
GET /api/public/backbone-members/list => count=2, avg=16.50ms
GET /api/public/backbone-members/tree => count=1, avg=7.00ms
2025-11-12 13:10:12 [info] 🧮 API性能统计:
POST /api/backbone-members/create => count=5, avg=6.40ms
POST /api/public/auth/login => count=2, avg=65.00ms
PUT /api/backbone-members/update/1 => count=2, avg=8.00ms
DELETE /api/backebone-members/delete/1 => count=1, avg=2.00ms
DELETE /api/backebone-members/delete/2 => count=1, avg=2.00ms
DELETE /api/backbone-members/delete/2 => count=1, avg=17.00ms
DELETE /api/backbone-members/delete/1 => count=1, avg=11.00ms
GET /api/public/backbone-members/list => count=2, avg=16.50ms
GET /api/public/backbone-members/tree => count=1, avg=7.00ms
2025-11-12 13:15:12 [info] 🧮 API性能统计:
POST /api/backbone-members/create => count=5, avg=6.40ms
POST /api/public/auth/login => count=2, avg=65.00ms
PUT /api/backbone-members/update/1 => count=2, avg=8.00ms
DELETE /api/backebone-members/delete/1 => count=1, avg=2.00ms
DELETE /api/backebone-members/delete/2 => count=1, avg=2.00ms
DELETE /api/backbone-members/delete/2 => count=1, avg=17.00ms
DELETE /api/backbone-members/delete/1 => count=1, avg=11.00ms
GET /api/public/backbone-members/list => count=2, avg=16.50ms
GET /api/public/backbone-members/tree => count=1, avg=7.00ms
2025-11-12 13:20:12 [info] 🧮 API性能统计:
POST /api/backbone-members/create => count=5, avg=6.40ms
POST /api/public/auth/login => count=2, avg=65.00ms
PUT /api/backbone-members/update/1 => count=2, avg=8.00ms
DELETE /api/backebone-members/delete/1 => count=1, avg=2.00ms
DELETE /api/backebone-members/delete/2 => count=1, avg=2.00ms
DELETE /api/backbone-members/delete/2 => count=1, avg=17.00ms
DELETE /api/backbone-members/delete/1 => count=1, avg=11.00ms
GET /api/public/backbone-members/list => count=2, avg=16.50ms
GET /api/public/backbone-members/tree => count=1, avg=7.00ms
2025-11-12 13:25:12 [info] 🧮 API性能统计:
POST /api/backbone-members/create => count=5, avg=6.40ms
POST /api/public/auth/login => count=2, avg=65.00ms
PUT /api/backbone-members/update/1 => count=2, avg=8.00ms
DELETE /api/backebone-members/delete/1 => count=1, avg=2.00ms
DELETE /api/backebone-members/delete/2 => count=1, avg=2.00ms
DELETE /api/backbone-members/delete/2 => count=1, avg=17.00ms
DELETE /api/backbone-members/delete/1 => count=1, avg=11.00ms
GET /api/public/backbone-members/list => count=2, avg=16.50ms
GET /api/public/backbone-members/tree => count=1, avg=7.00ms
2025-11-12 13:30:12 [info] 🧮 API性能统计:
POST /api/backbone-members/create => count=5, avg=6.40ms
POST /api/public/auth/login => count=2, avg=65.00ms
PUT /api/backbone-members/update/1 => count=2, avg=8.00ms
DELETE /api/backebone-members/delete/1 => count=1, avg=2.00ms
DELETE /api/backebone-members/delete/2 => count=1, avg=2.00ms
DELETE /api/backbone-members/delete/2 => count=1, avg=17.00ms
DELETE /api/backbone-members/delete/1 => count=1, avg=11.00ms
GET /api/public/backbone-members/list => count=2, avg=16.50ms
GET /api/public/backbone-members/tree => count=1, avg=7.00ms
2025-11-12 13:35:12 [info] 🧮 API性能统计:
POST /api/backbone-members/create => count=5, avg=6.40ms
POST /api/public/auth/login => count=2, avg=65.00ms
PUT /api/backbone-members/update/1 => count=2, avg=8.00ms
DELETE /api/backebone-members/delete/1 => count=1, avg=2.00ms
DELETE /api/backebone-members/delete/2 => count=1, avg=2.00ms
DELETE /api/backbone-members/delete/2 => count=1, avg=17.00ms
DELETE /api/backbone-members/delete/1 => count=1, avg=11.00ms
GET /api/public/backbone-members/list => count=2, avg=16.50ms
GET /api/public/backbone-members/tree => count=1, avg=7.00ms
2025-11-12 13:40:12 [info] 🧮 API性能统计:
POST /api/backbone-members/create => count=5, avg=6.40ms
POST /api/public/auth/login => count=2, avg=65.00ms
PUT /api/backbone-members/update/1 => count=2, avg=8.00ms
DELETE /api/backebone-members/delete/1 => count=1, avg=2.00ms
DELETE /api/backebone-members/delete/2 => count=1, avg=2.00ms
DELETE /api/backbone-members/delete/2 => count=1, avg=17.00ms
DELETE /api/backbone-members/delete/1 => count=1, avg=11.00ms
GET /api/public/backbone-members/list => count=2, avg=16.50ms
GET /api/public/backbone-members/tree => count=1, avg=7.00ms
2025-11-12 13:45:12 [info] 🧮 API性能统计:
POST /api/backbone-members/create => count=5, avg=6.40ms
POST /api/public/auth/login => count=2, avg=65.00ms
PUT /api/backbone-members/update/1 => count=2, avg=8.00ms
DELETE /api/backebone-members/delete/1 => count=1, avg=2.00ms
DELETE /api/backebone-members/delete/2 => count=1, avg=2.00ms
DELETE /api/backbone-members/delete/2 => count=1, avg=17.00ms
DELETE /api/backbone-members/delete/1 => count=1, avg=11.00ms
GET /api/public/backbone-members/list => count=2, avg=16.50ms
GET /api/public/backbone-members/tree => count=1, avg=7.00ms
2025-11-12 13:50:12 [info] 🧮 API性能统计:
POST /api/backbone-members/create => count=5, avg=6.40ms
POST /api/public/auth/login => count=2, avg=65.00ms
PUT /api/backbone-members/update/1 => count=2, avg=8.00ms
DELETE /api/backebone-members/delete/1 => count=1, avg=2.00ms
DELETE /api/backebone-members/delete/2 => count=1, avg=2.00ms
DELETE /api/backbone-members/delete/2 => count=1, avg=17.00ms
DELETE /api/backbone-members/delete/1 => count=1, avg=11.00ms
GET /api/public/backbone-members/list => count=2, avg=16.50ms
GET /api/public/backbone-members/tree => count=1, avg=7.00ms
2025-11-12 13:55:12 [info] 🧮 API性能统计:
POST /api/backbone-members/create => count=5, avg=6.40ms
POST /api/public/auth/login => count=2, avg=65.00ms
PUT /api/backbone-members/update/1 => count=2, avg=8.00ms
DELETE /api/backebone-members/delete/1 => count=1, avg=2.00ms
DELETE /api/backebone-members/delete/2 => count=1, avg=2.00ms
DELETE /api/backbone-members/delete/2 => count=1, avg=17.00ms
DELETE /api/backbone-members/delete/1 => count=1, avg=11.00ms
GET /api/public/backbone-members/list => count=2, avg=16.50ms
GET /api/public/backbone-members/tree => count=1, avg=7.00ms
2025-11-12 14:00:12 [info] 🧮 API性能统计:
POST /api/backbone-members/create => count=5, avg=6.40ms
POST /api/public/auth/login => count=2, avg=65.00ms
PUT /api/backbone-members/update/1 => count=2, avg=8.00ms
DELETE /api/backebone-members/delete/1 => count=1, avg=2.00ms
DELETE /api/backebone-members/delete/2 => count=1, avg=2.00ms
DELETE /api/backbone-members/delete/2 => count=1, avg=17.00ms
DELETE /api/backbone-members/delete/1 => count=1, avg=11.00ms
GET /api/public/backbone-members/list => count=2, avg=16.50ms
GET /api/public/backbone-members/tree => count=1, avg=7.00ms
2025-11-12 14:05:12 [info] 🧮 API性能统计:
POST /api/backbone-members/create => count=5, avg=6.40ms
POST /api/public/auth/login => count=2, avg=65.00ms
PUT /api/backbone-members/update/1 => count=2, avg=8.00ms
DELETE /api/backebone-members/delete/1 => count=1, avg=2.00ms
DELETE /api/backebone-members/delete/2 => count=1, avg=2.00ms
DELETE /api/backbone-members/delete/2 => count=1, avg=17.00ms
DELETE /api/backbone-members/delete/1 => count=1, avg=11.00ms
GET /api/public/backbone-members/list => count=2, avg=16.50ms
GET /api/public/backbone-members/tree => count=1, avg=7.00ms
2025-11-12 14:10:12 [info] 🧮 API性能统计:
POST /api/backbone-members/create => count=5, avg=6.40ms
POST /api/public/auth/login => count=2, avg=65.00ms
PUT /api/backbone-members/update/1 => count=2, avg=8.00ms
DELETE /api/backebone-members/delete/1 => count=1, avg=2.00ms
DELETE /api/backebone-members/delete/2 => count=1, avg=2.00ms
DELETE /api/backbone-members/delete/2 => count=1, avg=17.00ms
DELETE /api/backbone-members/delete/1 => count=1, avg=11.00ms
GET /api/public/backbone-members/list => count=2, avg=16.50ms
GET /api/public/backbone-members/tree => count=1, avg=7.00ms
2025-11-12 14:15:12 [info] 🧮 API性能统计:
POST /api/backbone-members/create => count=5, avg=6.40ms
POST /api/public/auth/login => count=2, avg=65.00ms
PUT /api/backbone-members/update/1 => count=2, avg=8.00ms
DELETE /api/backebone-members/delete/1 => count=1, avg=2.00ms
DELETE /api/backebone-members/delete/2 => count=1, avg=2.00ms
DELETE /api/backbone-members/delete/2 => count=1, avg=17.00ms
DELETE /api/backbone-members/delete/1 => count=1, avg=11.00ms
GET /api/public/backbone-members/list => count=2, avg=16.50ms
GET /api/public/backbone-members/tree => count=1, avg=7.00ms
2025-11-12 14:19:23 [info] POST /api/backbone-members/batch-create 401 6ms ip=::ffff:127.0.0.1 user=guest role=guest
2025-11-12 14:19:43 [info] POST /api/backbone-members/batch-create 200 15ms ip=::ffff:127.0.0.1 user=2022413492 role=admin
2025-11-12 14:20:13 [info] 🧮 API性能统计:
POST /api/backbone-members/create => count=5, avg=6.40ms
POST /api/public/auth/login => count=2, avg=65.00ms
PUT /api/backbone-members/update/1 => count=2, avg=8.00ms
DELETE /api/backebone-members/delete/1 => count=1, avg=2.00ms
DELETE /api/backebone-members/delete/2 => count=1, avg=2.00ms
DELETE /api/backbone-members/delete/2 => count=1, avg=17.00ms
DELETE /api/backbone-members/delete/1 => count=1, avg=11.00ms
GET /api/public/backbone-members/list => count=2, avg=16.50ms
GET /api/public/backbone-members/tree => count=1, avg=7.00ms
POST /api/backbone-members/batch-create => count=2, avg=10.50ms
2025-11-12 14:25:13 [info] 🧮 API性能统计:
POST /api/backbone-members/create => count=5, avg=6.40ms
POST /api/public/auth/login => count=2, avg=65.00ms
PUT /api/backbone-members/update/1 => count=2, avg=8.00ms
DELETE /api/backebone-members/delete/1 => count=1, avg=2.00ms
DELETE /api/backebone-members/delete/2 => count=1, avg=2.00ms
DELETE /api/backbone-members/delete/2 => count=1, avg=17.00ms
DELETE /api/backbone-members/delete/1 => count=1, avg=11.00ms
GET /api/public/backbone-members/list => count=2, avg=16.50ms
GET /api/public/backbone-members/tree => count=1, avg=7.00ms
POST /api/backbone-members/batch-create => count=2, avg=10.50ms
2025-11-12 14:30:13 [info] 🧮 API性能统计:
POST /api/backbone-members/create => count=5, avg=6.40ms
POST /api/public/auth/login => count=2, avg=65.00ms
PUT /api/backbone-members/update/1 => count=2, avg=8.00ms
DELETE /api/backebone-members/delete/1 => count=1, avg=2.00ms
DELETE /api/backebone-members/delete/2 => count=1, avg=2.00ms
DELETE /api/backbone-members/delete/2 => count=1, avg=17.00ms
DELETE /api/backbone-members/delete/1 => count=1, avg=11.00ms
GET /api/public/backbone-members/list => count=2, avg=16.50ms
GET /api/public/backbone-members/tree => count=1, avg=7.00ms
POST /api/backbone-members/batch-create => count=2, avg=10.50ms
2025-11-12 14:43:06 [info] POST /api/backbone-members/batch-create 400 13ms ip=::ffff:127.0.0.1 user=2022413492 role=admin
2025-11-12 14:47:23 [info] 🧮 API性能统计:
POST /api/backbone-members/batch-create => count=1, avg=13.00ms
2025-11-12 15:03:30 [info] POST /api/activities/create 401 12ms ip=::ffff:127.0.0.1 user=guest role=guest
2025-11-12 15:03:46 [info] POST /api/activities/create 404 8ms ip=::ffff:127.0.0.1 user=2022413492 role=admin
2025-11-12 15:04:10 [info] POST /api/activities/create 200 12ms ip=::ffff:127.0.0.1 user=2022413492 role=admin
2025-11-12 15:07:03 [info] PUT /api/activities/update/1 401 11ms ip=::ffff:127.0.0.1 user=guest role=guest
2025-11-12 15:07:06 [info] PUT /api/activities/update/1 200 20ms ip=::ffff:127.0.0.1 user=2022413492 role=admin
2025-11-12 15:08:59 [info] DELETE /api/activities/delete/1 401 2ms ip=::ffff:127.0.0.1 user=guest role=guest
2025-11-12 15:09:05 [info] DELETE /api/activities/delete/1 200 9ms ip=::ffff:127.0.0.1 user=2022413492 role=admin
2025-11-12 15:09:08 [info] 🧮 API性能统计:
POST /api/activities/create => count=1, avg=12.00ms
PUT /api/activities/update/1 => count=2, avg=15.50ms
DELETE /api/activities/delete/1 => count=2, avg=5.50ms
2025-11-12 15:09:19 [info] POST /api/activities/create 200 8ms ip=::ffff:127.0.0.1 user=2022413492 role=admin
2025-11-12 15:09:25 [info] PUT /api/activities/update/1 401 1ms ip=::ffff:127.0.0.1 user=guest role=guest
2025-11-12 15:09:34 [info] PUT /api/activities/update/1 404 3ms ip=::ffff:127.0.0.1 user=2022413492 role=admin
2025-11-12 15:09:40 [info] PUT /api/activities/update/2 200 36ms ip=::ffff:127.0.0.1 user=2022413492 role=admin
2025-11-12 15:10:33 [info] POST /api/activities/create 200 7ms ip=::ffff:127.0.0.1 user=2022413492 role=admin
2025-11-12 15:12:08 [info] GET /api/public/activities/list 200 8ms ip=::ffff:127.0.0.1 user=guest role=guest
2025-11-12 15:13:20 [info] GET /api/public/activities/1 404 4ms ip=::ffff:127.0.0.1 user=guest role=guest
2025-11-12 15:13:24 [info] GET /api/public/activities/2 200 3ms ip=::ffff:127.0.0.1 user=guest role=guest
2025-11-12 15:14:08 [info] 🧮 API性能统计:
POST /api/activities/create => count=3, avg=9.00ms
PUT /api/activities/update/1 => count=4, avg=8.75ms
DELETE /api/activities/delete/1 => count=2, avg=5.50ms
PUT /api/activities/update/2 => count=1, avg=36.00ms
GET /api/public/activities/list => count=1, avg=8.00ms
GET /api/public/activities/1 => count=1, avg=4.00ms
GET /api/public/activities/2 => count=1, avg=3.00ms
2025-11-12 15:19:08 [info] 🧮 API性能统计:
POST /api/activities/create => count=3, avg=9.00ms
PUT /api/activities/update/1 => count=4, avg=8.75ms
DELETE /api/activities/delete/1 => count=2, avg=5.50ms
PUT /api/activities/update/2 => count=1, avg=36.00ms
GET /api/public/activities/list => count=1, avg=8.00ms
GET /api/public/activities/1 => count=1, avg=4.00ms
GET /api/public/activities/2 => count=1, avg=3.00ms
2025-11-12 15:24:08 [info] 🧮 API性能统计:
POST /api/activities/create => count=3, avg=9.00ms
PUT /api/activities/update/1 => count=4, avg=8.75ms
DELETE /api/activities/delete/1 => count=2, avg=5.50ms
PUT /api/activities/update/2 => count=1, avg=36.00ms
GET /api/public/activities/list => count=1, avg=8.00ms
GET /api/public/activities/1 => count=1, avg=4.00ms
GET /api/public/activities/2 => count=1, avg=3.00ms
2025-11-12 15:29:08 [info] 🧮 API性能统计:
POST /api/activities/create => count=3, avg=9.00ms
PUT /api/activities/update/1 => count=4, avg=8.75ms
DELETE /api/activities/delete/1 => count=2, avg=5.50ms
PUT /api/activities/update/2 => count=1, avg=36.00ms
GET /api/public/activities/list => count=1, avg=8.00ms
GET /api/public/activities/1 => count=1, avg=4.00ms
GET /api/public/activities/2 => count=1, avg=3.00ms
2025-11-12 15:34:08 [info] 🧮 API性能统计:
POST /api/activities/create => count=3, avg=9.00ms
PUT /api/activities/update/1 => count=4, avg=8.75ms
DELETE /api/activities/delete/1 => count=2, avg=5.50ms
PUT /api/activities/update/2 => count=1, avg=36.00ms
GET /api/public/activities/list => count=1, avg=8.00ms
GET /api/public/activities/1 => count=1, avg=4.00ms
GET /api/public/activities/2 => count=1, avg=3.00ms
2025-11-12 15:39:08 [info] 🧮 API性能统计:
POST /api/activities/create => count=3, avg=9.00ms
PUT /api/activities/update/1 => count=4, avg=8.75ms
DELETE /api/activities/delete/1 => count=2, avg=5.50ms
PUT /api/activities/update/2 => count=1, avg=36.00ms
GET /api/public/activities/list => count=1, avg=8.00ms
GET /api/public/activities/1 => count=1, avg=4.00ms
GET /api/public/activities/2 => count=1, avg=3.00ms
2025-11-12 15:44:08 [info] 🧮 API性能统计:
POST /api/activities/create => count=3, avg=9.00ms
PUT /api/activities/update/1 => count=4, avg=8.75ms
DELETE /api/activities/delete/1 => count=2, avg=5.50ms
PUT /api/activities/update/2 => count=1, avg=36.00ms
GET /api/public/activities/list => count=1, avg=8.00ms
GET /api/public/activities/1 => count=1, avg=4.00ms
GET /api/public/activities/2 => count=1, avg=3.00ms
2025-11-12 22:06:00 [info] POST /api/public/auth/login 200 77ms ip=::ffff:127.0.0.1 user=guest role=guest
2025-11-12 22:06:09 [info] GET /api/activity-participants/list/1 401 2ms ip=::ffff:127.0.0.1 user=guest role=guest
2025-11-12 22:06:13 [info] GET /api/activity-participants/list/1 200 13ms ip=::ffff:127.0.0.1 user=2021413492 role=superadmin
2025-11-12 22:07:44 [info] POST /api/activity-participants/join 401 1ms ip=::ffff:127.0.0.1 user=guest role=guest
2025-11-12 22:07:55 [info] POST /api/activity-participants/join 404 5ms ip=::ffff:127.0.0.1 user=2021413492 role=superadmin
2025-11-12 22:08:05 [info] POST /api/activity-participants/join 200 14ms ip=::ffff:127.0.0.1 user=2021413492 role=superadmin
2025-11-12 22:08:40 [info] GET /api/activity-participants/list/1 200 9ms ip=::ffff:127.0.0.1 user=2021413492 role=superadmin
2025-11-12 22:08:47 [info] GET /api/activity-participants/list/2 200 8ms ip=::ffff:127.0.0.1 user=2021413492 role=superadmin
2025-11-12 22:09:12 [info] POST /api/activity-participants/join 400 6ms ip=::ffff:127.0.0.1 user=2021413492 role=superadmin
2025-11-12 22:09:16 [info] POST /api/activity-participants/join 200 7ms ip=::ffff:127.0.0.1 user=2021413492 role=superadmin
2025-11-12 22:09:18 [info] GET /api/activity-participants/list/2 200 5ms ip=::ffff:127.0.0.1 user=2021413492 role=superadmin
2025-11-12 22:10:48 [info] 🧮 API性能统计:
POST /api/public/auth/login => count=1, avg=77.00ms
GET /api/activity-participants/list/1 => count=3, avg=8.00ms
POST /api/activity-participants/join => count=5, avg=6.60ms
GET /api/activity-participants/list/2 => count=2, avg=6.50ms
2025-11-12 22:13:51 [info] DELETE /api/activity-participants/cancel/2/2024102300 401 1ms ip=::ffff:127.0.0.1 user=guest role=guest
2025-11-12 22:14:01 [info] POST /api/public/auth/login 200 72ms ip=::ffff:127.0.0.1 user=guest role=guest
2025-11-12 22:14:07 [info] DELETE /api/activity-participants/cancel/2/2024102300 403 3ms ip=::ffff:127.0.0.1 user=2023123456 role=user
2025-11-12 22:14:22 [info] POST /api/public/auth/login 200 60ms ip=::ffff:127.0.0.1 user=guest role=guest
2025-11-12 22:14:32 [info] DELETE /api/activity-participants/cancel/2/2024102300 200 11ms ip=::ffff:127.0.0.1 user=2021413492 role=superadmin
2025-11-12 22:15:48 [info] 🧮 API性能统计:
POST /api/public/auth/login => count=3, avg=69.67ms
GET /api/activity-participants/list/1 => count=3, avg=8.00ms
POST /api/activity-participants/join => count=5, avg=6.60ms
GET /api/activity-participants/list/2 => count=2, avg=6.50ms
DELETE /api/activity-participants/cancel/2/2024102300 => count=3, avg=5.00ms
2025-11-12 22:18:36 [info] PATCH /api/activity-participants/signin/2 401 1ms ip=::ffff:127.0.0.1 user=guest role=guest
2025-11-12 22:18:47 [info] PATCH /api/activity-participants/signin/2 200 12ms ip=::ffff:127.0.0.1 user=2021413492 role=superadmin
2025-11-12 22:18:56 [info] PATCH /api/activity-participants/signin/2 200 7ms ip=::ffff:127.0.0.1 user=2021413492 role=superadmin
2025-11-12 22:19:25 [info] PATCH /api/activity-participants/signin/2 200 8ms ip=::ffff:127.0.0.1 user=2021413492 role=superadmin
2025-11-12 22:20:27 [info] PATCH /api/activity-participants/hours/2 401 1ms ip=::ffff:127.0.0.1 user=guest role=guest
2025-11-12 22:20:44 [info] PATCH /api/activity-participants/hours/2 500 39ms ip=::ffff:127.0.0.1 user=2021413492 role=superadmin
2025-11-12 22:20:48 [info] 🧮 API性能统计:
POST /api/public/auth/login => count=3, avg=69.67ms
GET /api/activity-participants/list/1 => count=3, avg=8.00ms
POST /api/activity-participants/join => count=5, avg=6.60ms
GET /api/activity-participants/list/2 => count=2, avg=6.50ms
DELETE /api/activity-participants/cancel/2/2024102300 => count=3, avg=5.00ms
PATCH /api/activity-participants/signin/2 => count=4, avg=7.00ms
PATCH /api/activity-participants/hours/2 => count=2, avg=20.00ms
2025-11-12 22:21:59 [info] PATCH /api/activity-participants/hours/2 200 15ms ip=::ffff:127.0.0.1 user=2021413492 role=superadmin
2025-11-12 22:26:36 [info] 🧮 API性能统计:
PATCH /api/activity-participants/hours/2 => count=1, avg=15.00ms
2025-11-12 22:29:21 [info] PUT /api/activity-participants/hours/batch 401 4ms ip=::ffff:127.0.0.1 user=guest role=guest
2025-11-12 22:29:29 [info] PUT /api/activity-participants/hours/batch 200 10ms ip=::ffff:127.0.0.1 user=2021413492 role=superadmin
2025-11-12 22:29:43 [info] PUT /api/activity-participants/hours/batch 200 11ms ip=::ffff:127.0.0.1 user=2021413492 role=superadmin
2025-11-12 22:30:52 [info] GET /api/activity-participants/records/2024102301 401 1ms ip=::ffff:127.0.0.1 user=guest role=guest
2025-11-12 22:31:13 [info] GET /api/activity-participants/records/2024102301 200 9ms ip=::ffff:127.0.0.1 user=2021413492 role=superadmin
2025-11-12 22:32:28 [info] GET /api/activity-participants/records/all 401 1ms ip=::ffff:127.0.0.1 user=guest role=guest
2025-11-12 22:32:44 [info] POST /api/public/auth/login 200 61ms ip=::ffff:127.0.0.1 user=guest role=guest
2025-11-12 22:32:51 [info] GET /api/activity-participants/records/all 403 3ms ip=::ffff:127.0.0.1 user=2023123456 role=user
2025-11-12 22:33:08 [info] GET /api/activity-participants/records/all 200 4ms ip=::ffff:127.0.0.1 user=2021413492 role=superadmin
2025-11-12 22:33:15 [info] 🧮 API性能统计:
PUT /api/activity-participants/hours/batch => count=3, avg=8.33ms
GET /api/activity-participants/records/2024102301 => count=2, avg=5.00ms
GET /api/activity-participants/records/all => count=3, avg=2.67ms
POST /api/public/auth/login => count=1, avg=61.00ms
2025-11-12 22:34:06 [info] GET /api/activity-participants/records/all 200 3ms ip=::ffff:127.0.0.1 user=2021413492 role=superadmin
2025-11-12 22:35:26 [info] GET /api/activity-participants/all 200 11ms ip=::ffff:127.0.0.1 user=2021413492 role=superadmin
2025-11-12 22:36:17 [info] GET /api/activity-participants/all 200 8ms ip=::ffff:127.0.0.1 user=2021413492 role=superadmin
2025-11-12 22:40:19 [info] 🧮 API性能统计:
GET /api/activity-participants/all => count=2, avg=9.50ms
2025-11-12 22:49:31 [info] POST /api/activities/create 401 3ms ip=::ffff:127.0.0.1 user=guest role=guest
2025-11-12 22:49:41 [info] POST /api/activities/create 403 4ms ip=::ffff:127.0.0.1 user=2023123456 role=user
2025-11-12 22:49:49 [info] POST /api/public/auth/login 200 64ms ip=::ffff:127.0.0.1 user=guest role=guest
2025-11-12 22:49:58 [info] POST /api/activities/create 200 6ms ip=::ffff:127.0.0.1 user=2021413492 role=superadmin
2025-11-12 22:50:37 [info] GET /api/public/activities/list 200 9ms ip=::ffff:127.0.0.1 user=guest role=guest
2025-11-12 22:50:50 [info] GET /api/public/activities/1 404 3ms ip=::ffff:127.0.0.1 user=guest role=guest
2025-11-12 22:50:58 [info] GET /api/public/activities/5 404 2ms ip=::ffff:127.0.0.1 user=guest role=guest
2025-11-12 22:51:01 [info] GET /api/public/activities/4 200 3ms ip=::ffff:127.0.0.1 user=guest role=guest
2025-11-12 22:51:27 [info] 🧮 API性能统计:
POST /api/activities/create => count=3, avg=4.33ms
POST /api/public/auth/login => count=1, avg=64.00ms
GET /api/public/activities/list => count=1, avg=9.00ms
GET /api/public/activities/1 => count=1, avg=3.00ms
GET /api/public/activities/5 => count=1, avg=2.00ms
GET /api/public/activities/4 => count=1, avg=3.00ms
2025-11-12 22:56:27 [info] 🧮 API性能统计:
POST /api/activities/create => count=3, avg=4.33ms
POST /api/public/auth/login => count=1, avg=64.00ms
GET /api/public/activities/list => count=1, avg=9.00ms
GET /api/public/activities/1 => count=1, avg=3.00ms
GET /api/public/activities/5 => count=1, avg=2.00ms
GET /api/public/activities/4 => count=1, avg=3.00ms
2025-11-12 22:57:24 [info] PATCH /api/activities/status/2 401 1ms ip=::ffff:127.0.0.1 user=guest role=guest
2025-11-12 22:57:47 [info] PATCH /api/activities/status/2 200 4ms ip=::ffff:127.0.0.1 user=2021413492 role=superadmin
